[
  {
    "instruction": "LOAD_CONST 26 10 5",
    "opcode": 26,
    "binary": "1a0a000005"
  },
  {
    "instruction": "LOAD_CONST 26 11 2",
    "opcode": 26,
    "binary": "1a0b000002"
  },
  {
    "instruction": "LOAD_CONST 26 12 7",
    "opcode": 26,
    "binary": "1a0c000007"
  },
  {
    "instruction": "LOAD_CONST 26 13 1",
    "opcode": 26,
    "binary": "1a0d000001"
  },
  {
    "instruction": "LOAD_CONST 26 14 9",
    "opcode": 26,
    "binary": "1a0e000009"
  },
  {
    "instruction": "LOAD_CONST 26 20 3",
    "opcode": 26,
    "binary": "1a14000003"
  },
  {
    "instruction": "LOAD_CONST 26 21 4",
    "opcode": 26,
    "binary": "1a15000004"
  },
  {
    "instruction": "LOAD_CONST 26 22 6",
    "opcode": 26,
    "binary": "1a16000006"
  },
  {
    "instruction": "LOAD_CONST 26 23 2",
    "opcode": 26,
    "binary": "1a17000002"
  },
  {
    "instruction": "LOAD_CONST 26 24 8",
    "opcode": 26,
    "binary": "1a18000008"
  },
  {
    "instruction": "LOAD_CONST 26 30 10",
    "opcode": 26,
    "binary": "1a1e00000a"
  },
  {
    "instruction": "LOAD_CONST 26 31 20",
    "opcode": 26,
    "binary": "1a1f000014"
  },
  {
    "instruction": "LESS_THAN 15 30 0 20",
    "opcode": 15,
    "binary": "0f1e0014"
  },
  {
    "instruction": "LESS_THAN 15 30 1 21",
    "opcode": 15,
    "binary": "0f1e0115"
  },
  {
    "instruction": "LESS_THAN 15 30 2 22",
    "opcode": 15,
    "binary": "0f1e0216"
  },
  {
    "instruction": "LESS_THAN 15 30 3 23",
    "opcode": 15,
    "binary": "0f1e0317"
  },
  {
    "instruction": "LESS_THAN 15 30 4 24",
    "opcode": 15,
    "binary": "0f1e0418"
  }
]